\BOOKMARK [0][-]{chapter.1}{\376\377\0001\000\040\000N\000a\000m\000e\000s\000p\000a\000c\000e\000\040\000I\000n\000d\000e\000x}{}% 1
\BOOKMARK [1][-]{section.1.1}{\376\377\0001\000.\0001\000\040\000N\000a\000m\000e\000s\000p\000a\000c\000e\000\040\000L\000i\000s\000t}{chapter.1}% 2
\BOOKMARK [0][-]{chapter.2}{\376\377\0002\000\040\000H\000i\000e\000r\000a\000r\000c\000h\000i\000c\000a\000l\000\040\000I\000n\000d\000e\000x}{}% 3
\BOOKMARK [1][-]{section.2.1}{\376\377\0002\000.\0001\000\040\000C\000l\000a\000s\000s\000\040\000H\000i\000e\000r\000a\000r\000c\000h\000y}{chapter.2}% 4
\BOOKMARK [0][-]{chapter.3}{\376\377\0003\000\040\000C\000l\000a\000s\000s\000\040\000I\000n\000d\000e\000x}{}% 5
\BOOKMARK [1][-]{section.3.1}{\376\377\0003\000.\0001\000\040\000C\000l\000a\000s\000s\000\040\000L\000i\000s\000t}{chapter.3}% 6
\BOOKMARK [0][-]{chapter.4}{\376\377\0004\000\040\000F\000i\000l\000e\000\040\000I\000n\000d\000e\000x}{}% 7
\BOOKMARK [1][-]{section.4.1}{\376\377\0004\000.\0001\000\040\000F\000i\000l\000e\000\040\000L\000i\000s\000t}{chapter.4}% 8
\BOOKMARK [0][-]{chapter.5}{\376\377\0005\000\040\000N\000a\000m\000e\000s\000p\000a\000c\000e\000\040\000D\000o\000c\000u\000m\000e\000n\000t\000a\000t\000i\000o\000n}{}% 9
\BOOKMARK [1][-]{section.5.1}{\376\377\0005\000.\0001\000\040\000a\000r\000c\000a\000d\000e\000\040\000N\000a\000m\000e\000s\000p\000a\000c\000e\000\040\000R\000e\000f\000e\000r\000e\000n\000c\000e}{chapter.5}% 10
\BOOKMARK [2][-]{subsection.5.1.1}{\376\377\0005\000.\0001\000.\0001\000\040\000E\000n\000u\000m\000e\000r\000a\000t\000i\000o\000n\000\040\000T\000y\000p\000e\000\040\000D\000o\000c\000u\000m\000e\000n\000t\000a\000t\000i\000o\000n}{section.5.1}% 11
\BOOKMARK [3][-]{subsubsection.5.1.1.1}{\376\377\0005\000.\0001\000.\0001\000.\0001\000\040\000B\000l\000o\000c\000k\000T\000y\000p\000e}{subsection.5.1.1}% 12
\BOOKMARK [3][-]{subsubsection.5.1.1.2}{\376\377\0005\000.\0001\000.\0001\000.\0002\000\040\000c\000h\000a\000n\000g\000e\000s}{subsection.5.1.1}% 13
\BOOKMARK [3][-]{subsubsection.5.1.1.3}{\376\377\0005\000.\0001\000.\0001\000.\0003\000\040\000d\000i\000s\000p\000l\000a\000y\000L\000i\000b\000s}{subsection.5.1.1}% 14
\BOOKMARK [3][-]{subsubsection.5.1.1.4}{\376\377\0005\000.\0001\000.\0001\000.\0004\000\040\000E\000v\000e\000n\000t\000T\000y\000p\000e}{subsection.5.1.1}% 15
\BOOKMARK [3][-]{subsubsection.5.1.1.5}{\376\377\0005\000.\0001\000.\0001\000.\0005\000\040\000g\000a\000m\000e\000L\000i\000b\000s}{subsection.5.1.1}% 16
\BOOKMARK [3][-]{subsubsection.5.1.1.6}{\376\377\0005\000.\0001\000.\0001\000.\0006\000\040\000l\000i\000b\000C\000h\000a\000n\000g\000e}{subsection.5.1.1}% 17
\BOOKMARK [3][-]{subsubsection.5.1.1.7}{\376\377\0005\000.\0001\000.\0001\000.\0007\000\040\000S\000o\000u\000n\000d}{subsection.5.1.1}% 18
\BOOKMARK [2][-]{subsection.5.1.2}{\376\377\0005\000.\0001\000.\0002\000\040\000F\000u\000n\000c\000t\000i\000o\000n\000\040\000D\000o\000c\000u\000m\000e\000n\000t\000a\000t\000i\000o\000n}{section.5.1}% 19
\BOOKMARK [3][-]{subsubsection.5.1.2.1}{\376\377\0005\000.\0001\000.\0002\000.\0001\000\040\000c\000h\000a\000n\000g\000e\000P\000o\000s\000\050\000\051}{subsection.5.1.2}% 20
\BOOKMARK [3][-]{subsubsection.5.1.2.2}{\376\377\0005\000.\0001\000.\0002\000.\0002\000\040\000c\000h\000a\000r\000g\000e\000A\000l\000l\000L\000i\000b\000s\000\050\000\051}{subsection.5.1.2}% 21
\BOOKMARK [3][-]{subsubsection.5.1.2.3}{\376\377\0005\000.\0001\000.\0002\000.\0003\000\040\000c\000h\000e\000c\000k\000L\000i\000b\000C\000h\000a\000n\000g\000e\000\050\000\051}{subsection.5.1.2}% 22
\BOOKMARK [3][-]{subsubsection.5.1.2.4}{\376\377\0005\000.\0001\000.\0002\000.\0004\000\040\000c\000l\000o\000s\000e\000A\000l\000l\000L\000i\000b\000s\000\050\000\051}{subsection.5.1.2}% 23
\BOOKMARK [3][-]{subsubsection.5.1.2.5}{\376\377\0005\000.\0001\000.\0002\000.\0005\000\040\000c\000o\000r\000e\000\050\000\051}{subsection.5.1.2}% 24
\BOOKMARK [3][-]{subsubsection.5.1.2.6}{\376\377\0005\000.\0001\000.\0002\000.\0006\000\040\000c\000r\000e\000a\000t\000e\000D\000i\000s\000p\000l\000a\000y\000M\000o\000d\000u\000l\000e\000\050\000\051}{subsection.5.1.2}% 25
\BOOKMARK [3][-]{subsubsection.5.1.2.7}{\376\377\0005\000.\0001\000.\0002\000.\0007\000\040\000c\000r\000e\000a\000t\000e\000G\000a\000m\000e\000M\000o\000d\000u\000l\000e\000\050\000\051}{subsection.5.1.2}% 26
\BOOKMARK [3][-]{subsubsection.5.1.2.8}{\376\377\0005\000.\0001\000.\0002\000.\0008\000\040\000d\000e\000l\000e\000t\000e\000A\000l\000l\000M\000o\000d\000u\000l\000e\000s\000\050\000\051}{subsection.5.1.2}% 27
\BOOKMARK [3][-]{subsubsection.5.1.2.9}{\376\377\0005\000.\0001\000.\0002\000.\0009\000\040\000d\000i\000s\000p\000l\000a\000y\000M\000e\000n\000u\000\050\000\051}{subsection.5.1.2}% 28
\BOOKMARK [3][-]{subsubsection.5.1.2.10}{\376\377\0005\000.\0001\000.\0002\000.\0001\0000\000\040\000f\000i\000l\000l\000D\000i\000s\000p\000l\000a\000y\000s\000\050\000\051}{subsection.5.1.2}% 29
\BOOKMARK [3][-]{subsubsection.5.1.2.11}{\376\377\0005\000.\0001\000.\0002\000.\0001\0001\000\040\000f\000i\000l\000l\000G\000a\000m\000e\000s\000\050\000\051}{subsection.5.1.2}% 30
\BOOKMARK [3][-]{subsubsection.5.1.2.12}{\376\377\0005\000.\0001\000.\0002\000.\0001\0002\000\040\000f\000i\000n\000d\000D\000i\000s\000p\000l\000a\000y\000\050\000\051}{subsection.5.1.2}% 31
\BOOKMARK [3][-]{subsubsection.5.1.2.13}{\376\377\0005\000.\0001\000.\0002\000.\0001\0003\000\040\000f\000i\000n\000d\000D\000i\000s\000p\000l\000a\000y\000L\000i\000b\000\050\000\051}{subsection.5.1.2}% 32
\BOOKMARK [3][-]{subsubsection.5.1.2.14}{\376\377\0005\000.\0001\000.\0002\000.\0001\0004\000\040\000f\000i\000n\000d\000G\000a\000m\000e\000\050\000\051}{subsection.5.1.2}% 33
\BOOKMARK [3][-]{subsubsection.5.1.2.15}{\376\377\0005\000.\0001\000.\0002\000.\0001\0005\000\040\000g\000a\000m\000e\000L\000o\000o\000p\000\050\000\051}{subsection.5.1.2}% 34
\BOOKMARK [3][-]{subsubsection.5.1.2.16}{\376\377\0005\000.\0001\000.\0002\000.\0001\0006\000\040\000g\000e\000t\000D\000i\000s\000p\000l\000a\000y\000L\000i\000b\000N\000a\000m\000e\000\050\000\051}{subsection.5.1.2}% 35
\BOOKMARK [3][-]{subsubsection.5.1.2.17}{\376\377\0005\000.\0001\000.\0002\000.\0001\0007\000\040\000g\000e\000t\000G\000a\000m\000e\000L\000i\000b\000N\000a\000m\000e\000\050\000\051}{subsection.5.1.2}% 36
\BOOKMARK [3][-]{subsubsection.5.1.2.18}{\376\377\0005\000.\0001\000.\0002\000.\0001\0008\000\040\000M\000e\000n\000u\000\050\000\051}{subsection.5.1.2}% 37
\BOOKMARK [3][-]{subsubsection.5.1.2.19}{\376\377\0005\000.\0001\000.\0002\000.\0001\0009\000\040\000n\000e\000x\000t\000D\000i\000s\000p\000l\000a\000y\000\050\000\051}{subsection.5.1.2}% 38
\BOOKMARK [3][-]{subsubsection.5.1.2.20}{\376\377\0005\000.\0001\000.\0002\000.\0002\0000\000\040\000n\000e\000x\000t\000G\000a\000m\000e\000\050\000\051}{subsection.5.1.2}% 39
\BOOKMARK [3][-]{subsubsection.5.1.2.21}{\376\377\0005\000.\0001\000.\0002\000.\0002\0001\000\040\000n\000e\000x\000t\000I\000n\000d\000e\000x\000\050\000\051}{subsection.5.1.2}% 40
\BOOKMARK [3][-]{subsubsection.5.1.2.22}{\376\377\0005\000.\0001\000.\0002\000.\0002\0002\000\040\000o\000p\000e\000n\000L\000i\000b\000\050\000\051}{subsection.5.1.2}% 41
\BOOKMARK [3][-]{subsubsection.5.1.2.23}{\376\377\0005\000.\0001\000.\0002\000.\0002\0003\000\040\000p\000r\000e\000v\000i\000o\000u\000s\000I\000n\000d\000e\000x\000\050\000\051}{subsection.5.1.2}% 42
\BOOKMARK [0][-]{chapter.6}{\376\377\0006\000\040\000C\000l\000a\000s\000s\000\040\000D\000o\000c\000u\000m\000e\000n\000t\000a\000t\000i\000o\000n}{}% 43
\BOOKMARK [1][-]{section.6.1}{\376\377\0006\000.\0001\000\040\000a\000r\000c\000a\000d\000e\000:\000:\000A\000D\000i\000s\000p\000l\000a\000y\000N\000c\000u\000r\000s\000e\000s\000\040\000C\000l\000a\000s\000s\000\040\000R\000e\000f\000e\000r\000e\000n\000c\000e}{chapter.6}% 44
\BOOKMARK [2][-]{subsection.6.1.1}{\376\377\0006\000.\0001\000.\0001\000\040\000C\000o\000n\000s\000t\000r\000u\000c\000t\000o\000r\000\040\000\046\000\040\000D\000e\000s\000t\000r\000u\000c\000t\000o\000r\000\040\000D\000o\000c\000u\000m\000e\000n\000t\000a\000t\000i\000o\000n}{section.6.1}% 45
\BOOKMARK [3][-]{subsubsection.6.1.1.1}{\376\377\0006\000.\0001\000.\0001\000.\0001\000\040\000A\000D\000i\000s\000p\000l\000a\000y\000N\000c\000u\000r\000s\000e\000s\000\050\000\051}{subsection.6.1.1}% 46
\BOOKMARK [3][-]{subsubsection.6.1.1.2}{\376\377\0006\000.\0001\000.\0001\000.\0002\000\040\000\040\000A\000D\000i\000s\000p\000l\000a\000y\000N\000c\000u\000r\000s\000e\000s\000\050\000\051}{subsection.6.1.1}% 47
\BOOKMARK [2][-]{subsection.6.1.2}{\376\377\0006\000.\0001\000.\0002\000\040\000M\000e\000m\000b\000e\000r\000\040\000F\000u\000n\000c\000t\000i\000o\000n\000\040\000D\000o\000c\000u\000m\000e\000n\000t\000a\000t\000i\000o\000n}{section.6.1}% 48
\BOOKMARK [3][-]{subsubsection.6.1.2.1}{\376\377\0006\000.\0001\000.\0002\000.\0001\000\040\000c\000l\000e\000a\000r\000\050\000\051}{subsection.6.1.2}% 49
\BOOKMARK [3][-]{subsubsection.6.1.2.2}{\376\377\0006\000.\0001\000.\0002\000.\0002\000\040\000d\000i\000s\000p\000l\000a\000y\000B\000l\000o\000c\000k\000\050\000\051}{subsection.6.1.2}% 50
\BOOKMARK [3][-]{subsubsection.6.1.2.3}{\376\377\0006\000.\0001\000.\0002\000.\0003\000\040\000d\000i\000s\000p\000l\000a\000y\000T\000e\000x\000t\000\050\000\051}{subsection.6.1.2}% 51
\BOOKMARK [3][-]{subsubsection.6.1.2.4}{\376\377\0006\000.\0001\000.\0002\000.\0004\000\040\000g\000e\000t\000B\000l\000o\000c\000k\000S\000i\000z\000e\000\050\000\051}{subsection.6.1.2}% 52
\BOOKMARK [3][-]{subsubsection.6.1.2.5}{\376\377\0006\000.\0001\000.\0002\000.\0005\000\040\000g\000e\000t\000W\000i\000n\000d\000o\000w\000S\000i\000z\000e\000\050\000\051}{subsection.6.1.2}% 53
\BOOKMARK [3][-]{subsubsection.6.1.2.6}{\376\377\0006\000.\0001\000.\0002\000.\0006\000\040\000p\000l\000a\000y\000S\000o\000u\000n\000d\000\050\000\051}{subsection.6.1.2}% 54
\BOOKMARK [3][-]{subsubsection.6.1.2.7}{\376\377\0006\000.\0001\000.\0002\000.\0007\000\040\000p\000o\000l\000l\000E\000v\000e\000n\000t\000\050\000\051}{subsection.6.1.2}% 55
\BOOKMARK [3][-]{subsubsection.6.1.2.8}{\376\377\0006\000.\0001\000.\0002\000.\0008\000\040\000r\000e\000f\000r\000e\000s\000h\000\050\000\051}{subsection.6.1.2}% 56
\BOOKMARK [3][-]{subsubsection.6.1.2.9}{\376\377\0006\000.\0001\000.\0002\000.\0009\000\040\000s\000e\000t\000W\000i\000n\000d\000o\000w\000S\000i\000z\000e\000\050\000\051}{subsection.6.1.2}% 57
\BOOKMARK [3][-]{subsubsection.6.1.2.10}{\376\377\0006\000.\0001\000.\0002\000.\0001\0000\000\040\000s\000e\000t\000W\000i\000n\000d\000o\000w\000T\000i\000t\000l\000e\000\050\000\051}{subsection.6.1.2}% 58
\BOOKMARK [2][-]{subsection.6.1.3}{\376\377\0006\000.\0001\000.\0003\000\040\000M\000e\000m\000b\000e\000r\000\040\000D\000a\000t\000a\000\040\000D\000o\000c\000u\000m\000e\000n\000t\000a\000t\000i\000o\000n}{section.6.1}% 59
\BOOKMARK [3][-]{subsubsection.6.1.3.1}{\376\377\0006\000.\0001\000.\0003\000.\0001\000\040\000\137\000b\000l\000o\000c\000k\000S\000i\000z\000e}{subsection.6.1.3}% 60
\BOOKMARK [3][-]{subsubsection.6.1.3.2}{\376\377\0006\000.\0001\000.\0003\000.\0002\000\040\000\137\000w\000i\000n\000d\000o\000w\000S\000i\000z\000e}{subsection.6.1.3}% 61
\BOOKMARK [3][-]{subsubsection.6.1.3.3}{\376\377\0006\000.\0001\000.\0003\000.\0003\000\040\000\137\000w\000i\000n\000d\000o\000w\000T\000i\000t\000l\000e}{subsection.6.1.3}% 62
\BOOKMARK [1][-]{section.6.2}{\376\377\0006\000.\0002\000\040\000a\000r\000c\000a\000d\000e\000:\000:\000A\000D\000i\000s\000p\000l\000a\000y\000S\000d\000l\000\040\000C\000l\000a\000s\000s\000\040\000R\000e\000f\000e\000r\000e\000n\000c\000e}{chapter.6}% 63
\BOOKMARK [2][-]{subsection.6.2.1}{\376\377\0006\000.\0002\000.\0001\000\040\000C\000o\000n\000s\000t\000r\000u\000c\000t\000o\000r\000\040\000\046\000\040\000D\000e\000s\000t\000r\000u\000c\000t\000o\000r\000\040\000D\000o\000c\000u\000m\000e\000n\000t\000a\000t\000i\000o\000n}{section.6.2}% 64
\BOOKMARK [3][-]{subsubsection.6.2.1.1}{\376\377\0006\000.\0002\000.\0001\000.\0001\000\040\000A\000D\000i\000s\000p\000l\000a\000y\000S\000d\000l\000\050\000\051}{subsection.6.2.1}% 65
\BOOKMARK [3][-]{subsubsection.6.2.1.2}{\376\377\0006\000.\0002\000.\0001\000.\0002\000\040\000\040\000A\000D\000i\000s\000p\000l\000a\000y\000S\000d\000l\000\050\000\051}{subsection.6.2.1}% 66
\BOOKMARK [2][-]{subsection.6.2.2}{\376\377\0006\000.\0002\000.\0002\000\040\000M\000e\000m\000b\000e\000r\000\040\000F\000u\000n\000c\000t\000i\000o\000n\000\040\000D\000o\000c\000u\000m\000e\000n\000t\000a\000t\000i\000o\000n}{section.6.2}% 67
\BOOKMARK [3][-]{subsubsection.6.2.2.1}{\376\377\0006\000.\0002\000.\0002\000.\0001\000\040\000c\000l\000e\000a\000r\000\050\000\051}{subsection.6.2.2}% 68
\BOOKMARK [3][-]{subsubsection.6.2.2.2}{\376\377\0006\000.\0002\000.\0002\000.\0002\000\040\000c\000l\000o\000s\000e\000\050\000\051}{subsection.6.2.2}% 69
\BOOKMARK [3][-]{subsubsection.6.2.2.3}{\376\377\0006\000.\0002\000.\0002\000.\0003\000\040\000d\000i\000s\000p\000l\000a\000y\000B\000l\000o\000c\000k\000\050\000\051}{subsection.6.2.2}% 70
\BOOKMARK [3][-]{subsubsection.6.2.2.4}{\376\377\0006\000.\0002\000.\0002\000.\0004\000\040\000d\000i\000s\000p\000l\000a\000y\000T\000e\000x\000t\000\050\000\051}{subsection.6.2.2}% 71
\BOOKMARK [3][-]{subsubsection.6.2.2.5}{\376\377\0006\000.\0002\000.\0002\000.\0005\000\040\000g\000e\000t\000B\000l\000o\000c\000k\000S\000i\000z\000e\000\050\000\051}{subsection.6.2.2}% 72
\BOOKMARK [3][-]{subsubsection.6.2.2.6}{\376\377\0006\000.\0002\000.\0002\000.\0006\000\040\000g\000e\000t\000W\000i\000n\000d\000o\000w\000S\000i\000z\000e\000\050\000\051}{subsection.6.2.2}% 73
\BOOKMARK [3][-]{subsubsection.6.2.2.7}{\376\377\0006\000.\0002\000.\0002\000.\0007\000\040\000p\000l\000a\000y\000S\000o\000u\000n\000d\000\050\000\051}{subsection.6.2.2}% 74
\BOOKMARK [3][-]{subsubsection.6.2.2.8}{\376\377\0006\000.\0002\000.\0002\000.\0008\000\040\000p\000o\000l\000l\000E\000v\000e\000n\000t\000\050\000\051}{subsection.6.2.2}% 75
\BOOKMARK [3][-]{subsubsection.6.2.2.9}{\376\377\0006\000.\0002\000.\0002\000.\0009\000\040\000r\000e\000f\000r\000e\000s\000h\000\050\000\051}{subsection.6.2.2}% 76
\BOOKMARK [3][-]{subsubsection.6.2.2.10}{\376\377\0006\000.\0002\000.\0002\000.\0001\0000\000\040\000s\000e\000t\000W\000i\000n\000d\000o\000w\000S\000i\000z\000e\000\050\000\051}{subsection.6.2.2}% 77
\BOOKMARK [3][-]{subsubsection.6.2.2.11}{\376\377\0006\000.\0002\000.\0002\000.\0001\0001\000\040\000s\000e\000t\000W\000i\000n\000d\000o\000w\000T\000i\000t\000l\000e\000\050\000\051}{subsection.6.2.2}% 78
\BOOKMARK [2][-]{subsection.6.2.3}{\376\377\0006\000.\0002\000.\0003\000\040\000M\000e\000m\000b\000e\000r\000\040\000D\000a\000t\000a\000\040\000D\000o\000c\000u\000m\000e\000n\000t\000a\000t\000i\000o\000n}{section.6.2}% 79
\BOOKMARK [3][-]{subsubsection.6.2.3.1}{\376\377\0006\000.\0002\000.\0003\000.\0001\000\040\000\137\000b\000l\000o\000c\000k\000S\000i\000z\000e}{subsection.6.2.3}% 80
\BOOKMARK [3][-]{subsubsection.6.2.3.2}{\376\377\0006\000.\0002\000.\0003\000.\0002\000\040\000\137\000C\000o\000i\000n\000B\000u\000f\000f\000e\000r}{subsection.6.2.3}% 81
\BOOKMARK [3][-]{subsubsection.6.2.3.3}{\376\377\0006\000.\0002\000.\0003\000.\0003\000\040\000\137\000f\000o\000n\000t}{subsection.6.2.3}% 82
\BOOKMARK [3][-]{subsubsection.6.2.3.4}{\376\377\0006\000.\0002\000.\0003\000.\0004\000\040\000\137\000g\000a\000m\000e\000O\000v\000e\000r\000B\000u\000f\000f\000e\000r}{subsection.6.2.3}% 83
\BOOKMARK [3][-]{subsubsection.6.2.3.5}{\376\377\0006\000.\0002\000.\0003\000.\0005\000\040\000\137\000h\000u\000r\000t\000B\000u\000f\000f\000e\000r}{subsection.6.2.3}% 84
\BOOKMARK [3][-]{subsubsection.6.2.3.6}{\376\377\0006\000.\0002\000.\0003\000.\0006\000\040\000\137\000r\000e\000n\000d\000e\000r\000e\000r}{subsection.6.2.3}% 85
\BOOKMARK [3][-]{subsubsection.6.2.3.7}{\376\377\0006\000.\0002\000.\0003\000.\0007\000\040\000\137\000s\000p\000r\000i\000t\000e\000S\000h\000e\000e\000t}{subsection.6.2.3}% 86
\BOOKMARK [3][-]{subsubsection.6.2.3.8}{\376\377\0006\000.\0002\000.\0003\000.\0008\000\040\000\137\000s\000p\000r\000i\000t\000e\000S\000h\000e\000e\000t\000R\000e\000c\000t}{subsection.6.2.3}% 87
\BOOKMARK [3][-]{subsubsection.6.2.3.9}{\376\377\0006\000.\0002\000.\0003\000.\0009\000\040\000\137\000s\000t\000a\000r\000t\000B\000u\000f\000f\000e\000r}{subsection.6.2.3}% 88
\BOOKMARK [3][-]{subsubsection.6.2.3.10}{\376\377\0006\000.\0002\000.\0003\000.\0001\0000\000\040\000\137\000s\000u\000p\000e\000r\000B\000u\000f\000f\000e\000r}{subsection.6.2.3}% 89
\BOOKMARK [3][-]{subsubsection.6.2.3.11}{\376\377\0006\000.\0002\000.\0003\000.\0001\0001\000\040\000\137\000w\000i\000n\000d\000o\000w}{subsection.6.2.3}% 90
\BOOKMARK [3][-]{subsubsection.6.2.3.12}{\376\377\0006\000.\0002\000.\0003\000.\0001\0002\000\040\000\137\000w\000i\000n\000d\000o\000w\000S\000i\000z\000e}{subsection.6.2.3}% 91
\BOOKMARK [3][-]{subsubsection.6.2.3.13}{\376\377\0006\000.\0002\000.\0003\000.\0001\0003\000\040\000\137\000w\000i\000n\000d\000o\000w\000T\000i\000t\000l\000e}{subsection.6.2.3}% 92
\BOOKMARK [1][-]{section.6.3}{\376\377\0006\000.\0003\000\040\000a\000r\000c\000a\000d\000e\000:\000:\000A\000D\000i\000s\000p\000l\000a\000y\000S\000f\000m\000l\000\040\000C\000l\000a\000s\000s\000\040\000R\000e\000f\000e\000r\000e\000n\000c\000e}{chapter.6}% 93
\BOOKMARK [2][-]{subsection.6.3.1}{\376\377\0006\000.\0003\000.\0001\000\040\000C\000o\000n\000s\000t\000r\000u\000c\000t\000o\000r\000\040\000\046\000\040\000D\000e\000s\000t\000r\000u\000c\000t\000o\000r\000\040\000D\000o\000c\000u\000m\000e\000n\000t\000a\000t\000i\000o\000n}{section.6.3}% 94
\BOOKMARK [3][-]{subsubsection.6.3.1.1}{\376\377\0006\000.\0003\000.\0001\000.\0001\000\040\000A\000D\000i\000s\000p\000l\000a\000y\000S\000f\000m\000l\000\050\000\051}{subsection.6.3.1}% 95
\BOOKMARK [3][-]{subsubsection.6.3.1.2}{\376\377\0006\000.\0003\000.\0001\000.\0002\000\040\000\040\000A\000D\000i\000s\000p\000l\000a\000y\000S\000f\000m\000l\000\050\000\051}{subsection.6.3.1}% 96
\BOOKMARK [2][-]{subsection.6.3.2}{\376\377\0006\000.\0003\000.\0002\000\040\000M\000e\000m\000b\000e\000r\000\040\000F\000u\000n\000c\000t\000i\000o\000n\000\040\000D\000o\000c\000u\000m\000e\000n\000t\000a\000t\000i\000o\000n}{section.6.3}% 97
\BOOKMARK [3][-]{subsubsection.6.3.2.1}{\376\377\0006\000.\0003\000.\0002\000.\0001\000\040\000c\000l\000e\000a\000r\000\050\000\051}{subsection.6.3.2}% 98
\BOOKMARK [3][-]{subsubsection.6.3.2.2}{\376\377\0006\000.\0003\000.\0002\000.\0002\000\040\000d\000i\000s\000p\000l\000a\000y\000B\000l\000o\000c\000k\000\050\000\051}{subsection.6.3.2}% 99
\BOOKMARK [3][-]{subsubsection.6.3.2.3}{\376\377\0006\000.\0003\000.\0002\000.\0003\000\040\000d\000i\000s\000p\000l\000a\000y\000T\000e\000x\000t\000\050\000\051}{subsection.6.3.2}% 100
\BOOKMARK [3][-]{subsubsection.6.3.2.4}{\376\377\0006\000.\0003\000.\0002\000.\0004\000\040\000g\000e\000t\000B\000l\000o\000c\000k\000S\000i\000z\000e\000\050\000\051}{subsection.6.3.2}% 101
\BOOKMARK [3][-]{subsubsection.6.3.2.5}{\376\377\0006\000.\0003\000.\0002\000.\0005\000\040\000g\000e\000t\000W\000i\000n\000d\000o\000w\000S\000i\000z\000e\000\050\000\051}{subsection.6.3.2}% 102
\BOOKMARK [3][-]{subsubsection.6.3.2.6}{\376\377\0006\000.\0003\000.\0002\000.\0006\000\040\000p\000l\000a\000y\000S\000o\000u\000n\000d\000\050\000\051}{subsection.6.3.2}% 103
\BOOKMARK [3][-]{subsubsection.6.3.2.7}{\376\377\0006\000.\0003\000.\0002\000.\0007\000\040\000p\000o\000l\000l\000E\000v\000e\000n\000t\000\050\000\051}{subsection.6.3.2}% 104
\BOOKMARK [3][-]{subsubsection.6.3.2.8}{\376\377\0006\000.\0003\000.\0002\000.\0008\000\040\000r\000e\000f\000r\000e\000s\000h\000\050\000\051}{subsection.6.3.2}% 105
\BOOKMARK [3][-]{subsubsection.6.3.2.9}{\376\377\0006\000.\0003\000.\0002\000.\0009\000\040\000s\000e\000t\000W\000i\000n\000d\000o\000w\000S\000i\000z\000e\000\050\000\051}{subsection.6.3.2}% 106
\BOOKMARK [3][-]{subsubsection.6.3.2.10}{\376\377\0006\000.\0003\000.\0002\000.\0001\0000\000\040\000s\000e\000t\000W\000i\000n\000d\000o\000w\000T\000i\000t\000l\000e\000\050\000\051}{subsection.6.3.2}% 107
\BOOKMARK [2][-]{subsection.6.3.3}{\376\377\0006\000.\0003\000.\0003\000\040\000M\000e\000m\000b\000e\000r\000\040\000D\000a\000t\000a\000\040\000D\000o\000c\000u\000m\000e\000n\000t\000a\000t\000i\000o\000n}{section.6.3}% 108
\BOOKMARK [3][-]{subsubsection.6.3.3.1}{\376\377\0006\000.\0003\000.\0003\000.\0001\000\040\000\137\000b\000l\000o\000c\000k\000S\000i\000z\000e}{subsection.6.3.3}% 109
\BOOKMARK [3][-]{subsubsection.6.3.3.2}{\376\377\0006\000.\0003\000.\0003\000.\0002\000\040\000\137\000C\000o\000i\000n\000B\000u\000f\000f\000e\000r}{subsection.6.3.3}% 110
\BOOKMARK [3][-]{subsubsection.6.3.3.3}{\376\377\0006\000.\0003\000.\0003\000.\0003\000\040\000\137\000f\000o\000n\000t}{subsection.6.3.3}% 111
\BOOKMARK [3][-]{subsubsection.6.3.3.4}{\376\377\0006\000.\0003\000.\0003\000.\0004\000\040\000\137\000g\000a\000m\000e\000O\000v\000e\000r\000B\000u\000f\000f\000e\000r}{subsection.6.3.3}% 112
\BOOKMARK [3][-]{subsubsection.6.3.3.5}{\376\377\0006\000.\0003\000.\0003\000.\0005\000\040\000\137\000h\000u\000r\000t\000B\000u\000f\000f\000e\000r}{subsection.6.3.3}% 113
\BOOKMARK [3][-]{subsubsection.6.3.3.6}{\376\377\0006\000.\0003\000.\0003\000.\0006\000\040\000\137\000s\000t\000a\000r\000t\000B\000u\000f\000f\000e\000r}{subsection.6.3.3}% 114
\BOOKMARK [3][-]{subsubsection.6.3.3.7}{\376\377\0006\000.\0003\000.\0003\000.\0007\000\040\000\137\000s\000u\000p\000e\000r\000B\000u\000f\000f\000e\000r}{subsection.6.3.3}% 115
\BOOKMARK [3][-]{subsubsection.6.3.3.8}{\376\377\0006\000.\0003\000.\0003\000.\0008\000\040\000\137\000w\000i\000n\000d\000o\000w}{subsection.6.3.3}% 116
\BOOKMARK [3][-]{subsubsection.6.3.3.9}{\376\377\0006\000.\0003\000.\0003\000.\0009\000\040\000\137\000w\000i\000n\000d\000o\000w\000S\000i\000z\000e}{subsection.6.3.3}% 117
\BOOKMARK [1][-]{section.6.4}{\376\377\0006\000.\0004\000\040\000c\000a\000n\000n\000o\000t\000C\000l\000o\000s\000e\000L\000i\000b\000r\000a\000r\000y\000\040\000C\000l\000a\000s\000s\000\040\000R\000e\000f\000e\000r\000e\000n\000c\000e}{chapter.6}% 118
\BOOKMARK [2][-]{subsection.6.4.1}{\376\377\0006\000.\0004\000.\0001\000\040\000M\000e\000m\000b\000e\000r\000\040\000F\000u\000n\000c\000t\000i\000o\000n\000\040\000D\000o\000c\000u\000m\000e\000n\000t\000a\000t\000i\000o\000n}{section.6.4}% 119
\BOOKMARK [3][-]{subsubsection.6.4.1.1}{\376\377\0006\000.\0004\000.\0001\000.\0001\000\040\000w\000h\000a\000t\000\050\000\051}{subsection.6.4.1}% 120
\BOOKMARK [1][-]{section.6.5}{\376\377\0006\000.\0005\000\040\000c\000a\000n\000n\000o\000t\000C\000l\000o\000s\000e\000M\000o\000d\000u\000l\000e\000\040\000C\000l\000a\000s\000s\000\040\000R\000e\000f\000e\000r\000e\000n\000c\000e}{chapter.6}% 121
\BOOKMARK [2][-]{subsection.6.5.1}{\376\377\0006\000.\0005\000.\0001\000\040\000M\000e\000m\000b\000e\000r\000\040\000F\000u\000n\000c\000t\000i\000o\000n\000\040\000D\000o\000c\000u\000m\000e\000n\000t\000a\000t\000i\000o\000n}{section.6.5}% 122
\BOOKMARK [3][-]{subsubsection.6.5.1.1}{\376\377\0006\000.\0005\000.\0001\000.\0001\000\040\000w\000h\000a\000t\000\050\000\051}{subsection.6.5.1}% 123
\BOOKMARK [1][-]{section.6.6}{\376\377\0006\000.\0006\000\040\000c\000a\000n\000n\000o\000t\000C\000r\000e\000a\000t\000e\000M\000o\000d\000u\000l\000e\000\040\000C\000l\000a\000s\000s\000\040\000R\000e\000f\000e\000r\000e\000n\000c\000e}{chapter.6}% 124
\BOOKMARK [2][-]{subsection.6.6.1}{\376\377\0006\000.\0006\000.\0001\000\040\000M\000e\000m\000b\000e\000r\000\040\000F\000u\000n\000c\000t\000i\000o\000n\000\040\000D\000o\000c\000u\000m\000e\000n\000t\000a\000t\000i\000o\000n}{section.6.6}% 125
\BOOKMARK [3][-]{subsubsection.6.6.1.1}{\376\377\0006\000.\0006\000.\0001\000.\0001\000\040\000w\000h\000a\000t\000\050\000\051}{subsection.6.6.1}% 126
\BOOKMARK [1][-]{section.6.7}{\376\377\0006\000.\0007\000\040\000c\000a\000n\000n\000o\000t\000O\000p\000e\000n\000L\000i\000b\000r\000a\000r\000y\000\040\000C\000l\000a\000s\000s\000\040\000R\000e\000f\000e\000r\000e\000n\000c\000e}{chapter.6}% 127
\BOOKMARK [2][-]{subsection.6.7.1}{\376\377\0006\000.\0007\000.\0001\000\040\000M\000e\000m\000b\000e\000r\000\040\000F\000u\000n\000c\000t\000i\000o\000n\000\040\000D\000o\000c\000u\000m\000e\000n\000t\000a\000t\000i\000o\000n}{section.6.7}% 128
\BOOKMARK [3][-]{subsubsection.6.7.1.1}{\376\377\0006\000.\0007\000.\0001\000.\0001\000\040\000w\000h\000a\000t\000\050\000\051}{subsection.6.7.1}% 129
\BOOKMARK [1][-]{section.6.8}{\376\377\0006\000.\0008\000\040\000a\000r\000c\000a\000d\000e\000:\000:\000C\000o\000r\000e\000\040\000C\000l\000a\000s\000s\000\040\000R\000e\000f\000e\000r\000e\000n\000c\000e}{chapter.6}% 130
\BOOKMARK [2][-]{subsection.6.8.1}{\376\377\0006\000.\0008\000.\0001\000\040\000C\000o\000n\000s\000t\000r\000u\000c\000t\000o\000r\000\040\000\046\000\040\000D\000e\000s\000t\000r\000u\000c\000t\000o\000r\000\040\000D\000o\000c\000u\000m\000e\000n\000t\000a\000t\000i\000o\000n}{section.6.8}% 131
\BOOKMARK [3][-]{subsubsection.6.8.1.1}{\376\377\0006\000.\0008\000.\0001\000.\0001\000\040\000C\000o\000r\000e\000\050\000\051}{subsection.6.8.1}% 132
\BOOKMARK [3][-]{subsubsection.6.8.1.2}{\376\377\0006\000.\0008\000.\0001\000.\0002\000\040\000\040\000C\000o\000r\000e\000\050\000\051}{subsection.6.8.1}% 133
\BOOKMARK [2][-]{subsection.6.8.2}{\376\377\0006\000.\0008\000.\0002\000\040\000M\000e\000m\000b\000e\000r\000\040\000F\000u\000n\000c\000t\000i\000o\000n\000\040\000D\000o\000c\000u\000m\000e\000n\000t\000a\000t\000i\000o\000n}{section.6.8}% 134
\BOOKMARK [3][-]{subsubsection.6.8.2.1}{\376\377\0006\000.\0008\000.\0002\000.\0001\000\040\000g\000e\000t\000N\000a\000m\000e\000\050\000\051}{subsection.6.8.2}% 135
\BOOKMARK [3][-]{subsubsection.6.8.2.2}{\376\377\0006\000.\0008\000.\0002\000.\0002\000\040\000s\000e\000t\000N\000a\000m\000e\000\050\000\051}{subsection.6.8.2}% 136
\BOOKMARK [2][-]{subsection.6.8.3}{\376\377\0006\000.\0008\000.\0003\000\040\000M\000e\000m\000b\000e\000r\000\040\000D\000a\000t\000a\000\040\000D\000o\000c\000u\000m\000e\000n\000t\000a\000t\000i\000o\000n}{section.6.8}% 137
\BOOKMARK [3][-]{subsubsection.6.8.3.1}{\376\377\0006\000.\0008\000.\0003\000.\0001\000\040\000\137\000d\000i\000s\000p\000l\000a\000y\000L\000i\000b\000s}{subsection.6.8.3}% 138
\BOOKMARK [3][-]{subsubsection.6.8.3.2}{\376\377\0006\000.\0008\000.\0003\000.\0002\000\040\000\137\000g\000a\000m\000e\000L\000i\000b\000s}{subsection.6.8.3}% 139
\BOOKMARK [3][-]{subsubsection.6.8.3.3}{\376\377\0006\000.\0008\000.\0003\000.\0003\000\040\000\137\000n\000a\000m\000e}{subsection.6.8.3}% 140
\BOOKMARK [1][-]{section.6.9}{\376\377\0006\000.\0009\000\040\000a\000r\000c\000a\000d\000e\000:\000:\000E\000v\000e\000n\000t\000\040\000S\000t\000r\000u\000c\000t\000\040\000R\000e\000f\000e\000r\000e\000n\000c\000e}{chapter.6}% 141
\BOOKMARK [2][-]{subsection.6.9.1}{\376\377\0006\000.\0009\000.\0001\000\040\000D\000e\000t\000a\000i\000l\000e\000d\000\040\000D\000e\000s\000c\000r\000i\000p\000t\000i\000o\000n}{section.6.9}% 142
\BOOKMARK [2][-]{subsection.6.9.2}{\376\377\0006\000.\0009\000.\0002\000\040\000M\000e\000m\000b\000e\000r\000\040\000D\000a\000t\000a\000\040\000D\000o\000c\000u\000m\000e\000n\000t\000a\000t\000i\000o\000n}{section.6.9}% 143
\BOOKMARK [3][-]{subsubsection.6.9.2.1}{\376\377\0006\000.\0009\000.\0002\000.\0001\000\040\000t\000y\000p\000e}{subsection.6.9.2}% 144
\BOOKMARK [1][-]{section.6.10}{\376\377\0006\000.\0001\0000\000\040\000a\000r\000c\000a\000d\000e\000:\000:\000I\000C\000o\000r\000e\000\040\000C\000l\000a\000s\000s\000\040\000R\000e\000f\000e\000r\000e\000n\000c\000e}{chapter.6}% 145
\BOOKMARK [2][-]{subsection.6.10.1}{\376\377\0006\000.\0001\0000\000.\0001\000\040\000M\000e\000m\000b\000e\000r\000\040\000F\000u\000n\000c\000t\000i\000o\000n\000\040\000D\000o\000c\000u\000m\000e\000n\000t\000a\000t\000i\000o\000n}{section.6.10}% 146
\BOOKMARK [3][-]{subsubsection.6.10.1.1}{\376\377\0006\000.\0001\0000\000.\0001\000.\0001\000\040\000g\000e\000t\000N\000a\000m\000e\000\050\000\051}{subsection.6.10.1}% 147
\BOOKMARK [3][-]{subsubsection.6.10.1.2}{\376\377\0006\000.\0001\0000\000.\0001\000.\0002\000\040\000s\000e\000t\000N\000a\000m\000e\000\050\000\051}{subsection.6.10.1}% 148
\BOOKMARK [1][-]{section.6.11}{\376\377\0006\000.\0001\0001\000\040\000a\000r\000c\000a\000d\000e\000:\000:\000I\000D\000i\000s\000p\000l\000a\000y\000M\000o\000d\000u\000l\000e\000\040\000C\000l\000a\000s\000s\000\040\000R\000e\000f\000e\000r\000e\000n\000c\000e}{chapter.6}% 149
\BOOKMARK [2][-]{subsection.6.11.1}{\376\377\0006\000.\0001\0001\000.\0001\000\040\000D\000e\000t\000a\000i\000l\000e\000d\000\040\000D\000e\000s\000c\000r\000i\000p\000t\000i\000o\000n}{section.6.11}% 150
\BOOKMARK [2][-]{subsection.6.11.2}{\376\377\0006\000.\0001\0001\000.\0002\000\040\000C\000o\000n\000s\000t\000r\000u\000c\000t\000o\000r\000\040\000\046\000\040\000D\000e\000s\000t\000r\000u\000c\000t\000o\000r\000\040\000D\000o\000c\000u\000m\000e\000n\000t\000a\000t\000i\000o\000n}{section.6.11}% 151
\BOOKMARK [3][-]{subsubsection.6.11.2.1}{\376\377\0006\000.\0001\0001\000.\0002\000.\0001\000\040\000\040\000I\000D\000i\000s\000p\000l\000a\000y\000M\000o\000d\000u\000l\000e\000\050\000\051}{subsection.6.11.2}% 152
\BOOKMARK [2][-]{subsection.6.11.3}{\376\377\0006\000.\0001\0001\000.\0003\000\040\000M\000e\000m\000b\000e\000r\000\040\000F\000u\000n\000c\000t\000i\000o\000n\000\040\000D\000o\000c\000u\000m\000e\000n\000t\000a\000t\000i\000o\000n}{section.6.11}% 153
\BOOKMARK [3][-]{subsubsection.6.11.3.1}{\376\377\0006\000.\0001\0001\000.\0003\000.\0001\000\040\000c\000l\000e\000a\000r\000\050\000\051}{subsection.6.11.3}% 154
\BOOKMARK [3][-]{subsubsection.6.11.3.2}{\376\377\0006\000.\0001\0001\000.\0003\000.\0002\000\040\000d\000i\000s\000p\000l\000a\000y\000B\000l\000o\000c\000k\000\050\000\051}{subsection.6.11.3}% 155
\BOOKMARK [3][-]{subsubsection.6.11.3.3}{\376\377\0006\000.\0001\0001\000.\0003\000.\0003\000\040\000d\000i\000s\000p\000l\000a\000y\000T\000e\000x\000t\000\050\000\051}{subsection.6.11.3}% 156
\BOOKMARK [3][-]{subsubsection.6.11.3.4}{\376\377\0006\000.\0001\0001\000.\0003\000.\0004\000\040\000g\000e\000t\000W\000i\000n\000d\000o\000w\000S\000i\000z\000e\000\050\000\051}{subsection.6.11.3}% 157
\BOOKMARK [3][-]{subsubsection.6.11.3.5}{\376\377\0006\000.\0001\0001\000.\0003\000.\0005\000\040\000p\000l\000a\000y\000S\000o\000u\000n\000d\000\050\000\051}{subsection.6.11.3}% 158
\BOOKMARK [3][-]{subsubsection.6.11.3.6}{\376\377\0006\000.\0001\0001\000.\0003\000.\0006\000\040\000p\000o\000l\000l\000E\000v\000e\000n\000t\000\050\000\051}{subsection.6.11.3}% 159
\BOOKMARK [3][-]{subsubsection.6.11.3.7}{\376\377\0006\000.\0001\0001\000.\0003\000.\0007\000\040\000r\000e\000f\000r\000e\000s\000h\000\050\000\051}{subsection.6.11.3}% 160
\BOOKMARK [3][-]{subsubsection.6.11.3.8}{\376\377\0006\000.\0001\0001\000.\0003\000.\0008\000\040\000s\000e\000t\000W\000i\000n\000d\000o\000w\000S\000i\000z\000e\000\050\000\051}{subsection.6.11.3}% 161
\BOOKMARK [3][-]{subsubsection.6.11.3.9}{\376\377\0006\000.\0001\0001\000.\0003\000.\0009\000\040\000s\000e\000t\000W\000i\000n\000d\000o\000w\000T\000i\000t\000l\000e\000\050\000\051}{subsection.6.11.3}% 162
\BOOKMARK [1][-]{section.6.12}{\376\377\0006\000.\0001\0002\000\040\000a\000r\000c\000a\000d\000e\000:\000:\000I\000G\000a\000m\000e\000M\000o\000d\000u\000l\000e\000\040\000C\000l\000a\000s\000s\000\040\000R\000e\000f\000e\000r\000e\000n\000c\000e}{chapter.6}% 163
\BOOKMARK [2][-]{subsection.6.12.1}{\376\377\0006\000.\0001\0002\000.\0001\000\040\000D\000e\000t\000a\000i\000l\000e\000d\000\040\000D\000e\000s\000c\000r\000i\000p\000t\000i\000o\000n}{section.6.12}% 164
\BOOKMARK [2][-]{subsection.6.12.2}{\376\377\0006\000.\0001\0002\000.\0002\000\040\000C\000o\000n\000s\000t\000r\000u\000c\000t\000o\000r\000\040\000\046\000\040\000D\000e\000s\000t\000r\000u\000c\000t\000o\000r\000\040\000D\000o\000c\000u\000m\000e\000n\000t\000a\000t\000i\000o\000n}{section.6.12}% 165
\BOOKMARK [3][-]{subsubsection.6.12.2.1}{\376\377\0006\000.\0001\0002\000.\0002\000.\0001\000\040\000\040\000I\000G\000a\000m\000e\000M\000o\000d\000u\000l\000e\000\050\000\051}{subsection.6.12.2}% 166
\BOOKMARK [2][-]{subsection.6.12.3}{\376\377\0006\000.\0001\0002\000.\0003\000\040\000M\000e\000m\000b\000e\000r\000\040\000F\000u\000n\000c\000t\000i\000o\000n\000\040\000D\000o\000c\000u\000m\000e\000n\000t\000a\000t\000i\000o\000n}{section.6.12}% 167
\BOOKMARK [3][-]{subsubsection.6.12.3.1}{\376\377\0006\000.\0001\0002\000.\0003\000.\0001\000\040\000g\000e\000t\000N\000a\000m\000e\000\050\000\051}{subsection.6.12.3}% 168
\BOOKMARK [3][-]{subsubsection.6.12.3.2}{\376\377\0006\000.\0001\0002\000.\0003\000.\0002\000\040\000s\000t\000a\000r\000t\000\050\000\051}{subsection.6.12.3}% 169
\BOOKMARK [3][-]{subsubsection.6.12.3.3}{\376\377\0006\000.\0001\0002\000.\0003\000.\0003\000\040\000t\000i\000c\000k\000\050\000\051}{subsection.6.12.3}% 170
\BOOKMARK [1][-]{section.6.13}{\376\377\0006\000.\0001\0003\000\040\000a\000r\000c\000a\000d\000e\000:\000:\000N\000i\000b\000b\000l\000e\000r\000\040\000C\000l\000a\000s\000s\000\040\000R\000e\000f\000e\000r\000e\000n\000c\000e}{chapter.6}% 171
\BOOKMARK [2][-]{subsection.6.13.1}{\376\377\0006\000.\0001\0003\000.\0001\000\040\000C\000o\000n\000s\000t\000r\000u\000c\000t\000o\000r\000\040\000\046\000\040\000D\000e\000s\000t\000r\000u\000c\000t\000o\000r\000\040\000D\000o\000c\000u\000m\000e\000n\000t\000a\000t\000i\000o\000n}{section.6.13}% 172
\BOOKMARK [3][-]{subsubsection.6.13.1.1}{\376\377\0006\000.\0001\0003\000.\0001\000.\0001\000\040\000N\000i\000b\000b\000l\000e\000r\000\050\000\051}{subsection.6.13.1}% 173
\BOOKMARK [3][-]{subsubsection.6.13.1.2}{\376\377\0006\000.\0001\0003\000.\0001\000.\0002\000\040\000\040\000N\000i\000b\000b\000l\000e\000r\000\050\000\051}{subsection.6.13.1}% 174
\BOOKMARK [2][-]{subsection.6.13.2}{\376\377\0006\000.\0001\0003\000.\0002\000\040\000M\000e\000m\000b\000e\000r\000\040\000F\000u\000n\000c\000t\000i\000o\000n\000\040\000D\000o\000c\000u\000m\000e\000n\000t\000a\000t\000i\000o\000n}{section.6.13}% 175
\BOOKMARK [3][-]{subsubsection.6.13.2.1}{\376\377\0006\000.\0001\0003\000.\0002\000.\0001\000\040\000a\000p\000p\000l\000y\000E\000v\000e\000n\000t\000\050\000\051}{subsection.6.13.2}% 176
\BOOKMARK [3][-]{subsubsection.6.13.2.2}{\376\377\0006\000.\0001\0003\000.\0002\000.\0002\000\040\000c\000h\000a\000n\000g\000e\000D\000i\000r\000e\000c\000t\000i\000o\000n\000\050\000\051}{subsection.6.13.2}% 177
\BOOKMARK [3][-]{subsubsection.6.13.2.3}{\376\377\0006\000.\0001\0003\000.\0002\000.\0003\000\040\000d\000e\000a\000t\000h\000C\000o\000n\000d\000i\000t\000i\000o\000n\000\050\000\051}{subsection.6.13.2}% 178
\BOOKMARK [3][-]{subsubsection.6.13.2.4}{\376\377\0006\000.\0001\0003\000.\0002\000.\0004\000\040\000e\000n\000d\000\050\000\051}{subsection.6.13.2}% 179
\BOOKMARK [3][-]{subsubsection.6.13.2.5}{\376\377\0006\000.\0001\0003\000.\0002\000.\0005\000\040\000g\000a\000m\000e\000P\000a\000u\000s\000e\000\050\000\051}{subsection.6.13.2}% 180
\BOOKMARK [3][-]{subsubsection.6.13.2.6}{\376\377\0006\000.\0001\0003\000.\0002\000.\0006\000\040\000g\000e\000t\000N\000a\000m\000e\000\050\000\051}{subsection.6.13.2}% 181
\BOOKMARK [3][-]{subsubsection.6.13.2.7}{\376\377\0006\000.\0001\0003\000.\0002\000.\0007\000\040\000h\000e\000a\000d\000S\000n\000a\000k\000e\000O\000n\000S\000n\000a\000k\000e\000\050\000\051}{subsection.6.13.2}% 182
\BOOKMARK [3][-]{subsubsection.6.13.2.8}{\376\377\0006\000.\0001\0003\000.\0002\000.\0008\000\040\000h\000e\000a\000d\000S\000n\000a\000k\000e\000O\000n\000W\000a\000l\000l\000\050\000\051}{subsection.6.13.2}% 183
\BOOKMARK [3][-]{subsubsection.6.13.2.9}{\376\377\0006\000.\0001\0003\000.\0002\000.\0009\000\040\000i\000s\000F\000r\000u\000i\000t\000O\000n\000S\000n\000a\000k\000e\000\050\000\051}{subsection.6.13.2}% 184
\BOOKMARK [3][-]{subsubsection.6.13.2.10}{\376\377\0006\000.\0001\0003\000.\0002\000.\0001\0000\000\040\000m\000o\000v\000e\000C\000o\000r\000p\000s\000\050\000\051}{subsection.6.13.2}% 185
\BOOKMARK [3][-]{subsubsection.6.13.2.11}{\376\377\0006\000.\0001\0003\000.\0002\000.\0001\0001\000\040\000m\000o\000v\000e\000S\000n\000a\000k\000e\000\050\000\051}{subsection.6.13.2}% 186
\BOOKMARK [3][-]{subsubsection.6.13.2.12}{\376\377\0006\000.\0001\0003\000.\0002\000.\0001\0002\000\040\000p\000l\000a\000c\000e\000F\000r\000u\000i\000t\000s\000\050\000\051}{subsection.6.13.2}% 187
\BOOKMARK [3][-]{subsubsection.6.13.2.13}{\376\377\0006\000.\0001\0003\000.\0002\000.\0001\0003\000\040\000p\000r\000i\000n\000t\000F\000r\000u\000i\000t\000\050\000\051}{subsection.6.13.2}% 188
\BOOKMARK [3][-]{subsubsection.6.13.2.14}{\376\377\0006\000.\0001\0003\000.\0002\000.\0001\0004\000\040\000p\000r\000i\000n\000t\000H\000i\000g\000h\000S\000c\000o\000r\000e\000\050\000\051}{subsection.6.13.2}% 189
\BOOKMARK [3][-]{subsubsection.6.13.2.15}{\376\377\0006\000.\0001\0003\000.\0002\000.\0001\0005\000\040\000p\000r\000i\000n\000t\000M\000a\000p\000\050\000\051}{subsection.6.13.2}% 190
\BOOKMARK [3][-]{subsubsection.6.13.2.16}{\376\377\0006\000.\0001\0003\000.\0002\000.\0001\0006\000\040\000p\000r\000i\000n\000t\000S\000c\000o\000r\000e\000A\000n\000d\000N\000a\000m\000e\000\050\000\051}{subsection.6.13.2}% 191
\BOOKMARK [3][-]{subsubsection.6.13.2.17}{\376\377\0006\000.\0001\0003\000.\0002\000.\0001\0007\000\040\000p\000r\000i\000n\000t\000S\000n\000a\000k\000e\000\050\000\051}{subsection.6.13.2}% 192
\BOOKMARK [3][-]{subsubsection.6.13.2.18}{\376\377\0006\000.\0001\0003\000.\0002\000.\0001\0008\000\040\000s\000e\000t\000A\000l\000l\000F\000r\000u\000i\000t\000s\000\050\000\051}{subsection.6.13.2}% 193
\BOOKMARK [3][-]{subsubsection.6.13.2.19}{\376\377\0006\000.\0001\0003\000.\0002\000.\0001\0009\000\040\000s\000e\000t\000M\000a\000p\000\050\000\051}{subsection.6.13.2}% 194
\BOOKMARK [3][-]{subsubsection.6.13.2.20}{\376\377\0006\000.\0001\0003\000.\0002\000.\0002\0000\000\040\000s\000e\000t\000N\000e\000w\000F\000r\000u\000i\000t\000\050\000\051}{subsection.6.13.2}% 195
\BOOKMARK [3][-]{subsubsection.6.13.2.21}{\376\377\0006\000.\0001\0003\000.\0002\000.\0002\0001\000\040\000s\000n\000a\000k\000e\000E\000a\000t\000F\000r\000u\000i\000t\000\050\000\051}{subsection.6.13.2}% 196
\BOOKMARK [3][-]{subsubsection.6.13.2.22}{\376\377\0006\000.\0001\0003\000.\0002\000.\0002\0002\000\040\000s\000t\000a\000r\000t\000\050\000\051}{subsection.6.13.2}% 197
\BOOKMARK [3][-]{subsubsection.6.13.2.23}{\376\377\0006\000.\0001\0003\000.\0002\000.\0002\0003\000\040\000t\000i\000c\000k\000\050\000\051}{subsection.6.13.2}% 198
\BOOKMARK [3][-]{subsubsection.6.13.2.24}{\376\377\0006\000.\0001\0003\000.\0002\000.\0002\0004\000\040\000v\000e\000r\000i\000f\000D\000o\000w\000n\000\050\000\051}{subsection.6.13.2}% 199
\BOOKMARK [3][-]{subsubsection.6.13.2.25}{\376\377\0006\000.\0001\0003\000.\0002\000.\0002\0005\000\040\000v\000e\000r\000i\000f\000L\000e\000f\000t\000\050\000\051}{subsection.6.13.2}% 200
\BOOKMARK [3][-]{subsubsection.6.13.2.26}{\376\377\0006\000.\0001\0003\000.\0002\000.\0002\0006\000\040\000v\000e\000r\000i\000f\000R\000i\000g\000h\000t\000\050\000\051}{subsection.6.13.2}% 201
\BOOKMARK [3][-]{subsubsection.6.13.2.27}{\376\377\0006\000.\0001\0003\000.\0002\000.\0002\0007\000\040\000v\000e\000r\000i\000f\000U\000p\000\050\000\051}{subsection.6.13.2}% 202
\BOOKMARK [2][-]{subsection.6.13.3}{\376\377\0006\000.\0001\0003\000.\0003\000\040\000M\000e\000m\000b\000e\000r\000\040\000D\000a\000t\000a\000\040\000D\000o\000c\000u\000m\000e\000n\000t\000a\000t\000i\000o\000n}{section.6.13}% 203
\BOOKMARK [3][-]{subsubsection.6.13.3.1}{\376\377\0006\000.\0001\0003\000.\0003\000.\0001\000\040\000\137\000c\000h\000a\000n\000g\000e\000D\000i\000r\000e\000c\000t\000i\000o\000n\000L\000i\000s\000t}{subsection.6.13.3}% 204
\BOOKMARK [3][-]{subsubsection.6.13.3.2}{\376\377\0006\000.\0001\0003\000.\0003\000.\0002\000\040\000\137\000d\000i\000r\000e\000c\000t\000i\000o\000n}{subsection.6.13.3}% 205
\BOOKMARK [3][-]{subsubsection.6.13.3.3}{\376\377\0006\000.\0001\0003\000.\0003\000.\0003\000\040\000\137\000d\000i\000s\000p\000l\000a\000y}{subsection.6.13.3}% 206
\BOOKMARK [3][-]{subsubsection.6.13.3.4}{\376\377\0006\000.\0001\0003\000.\0003\000.\0004\000\040\000\137\000e\000v\000e\000n\000t\000s}{subsection.6.13.3}% 207
\BOOKMARK [3][-]{subsubsection.6.13.3.5}{\376\377\0006\000.\0001\0003\000.\0003\000.\0005\000\040\000\137\000f\000r\000u\000i\000t}{subsection.6.13.3}% 208
\BOOKMARK [3][-]{subsubsection.6.13.3.6}{\376\377\0006\000.\0001\0003\000.\0003\000.\0006\000\040\000\137\000h\000i\000g\000h\000S\000c\000o\000r\000e}{subsection.6.13.3}% 209
\BOOKMARK [3][-]{subsubsection.6.13.3.7}{\376\377\0006\000.\0001\0003\000.\0003\000.\0007\000\040\000\137\000M\000a\000p}{subsection.6.13.3}% 210
\BOOKMARK [3][-]{subsubsection.6.13.3.8}{\376\377\0006\000.\0001\0003\000.\0003\000.\0008\000\040\000\137\000n\000a\000m\000e}{subsection.6.13.3}% 211
\BOOKMARK [3][-]{subsubsection.6.13.3.9}{\376\377\0006\000.\0001\0003\000.\0003\000.\0009\000\040\000\137\000s\000c\000o\000r\000e}{subsection.6.13.3}% 212
\BOOKMARK [3][-]{subsubsection.6.13.3.10}{\376\377\0006\000.\0001\0003\000.\0003\000.\0001\0000\000\040\000\137\000s\000n\000a\000k\000e\000C\000a\000r\000a}{subsection.6.13.3}% 213
\BOOKMARK [3][-]{subsubsection.6.13.3.11}{\376\377\0006\000.\0001\0003\000.\0003\000.\0001\0001\000\040\000\137\000s\000p\000e\000e\000d}{subsection.6.13.3}% 214
\BOOKMARK [3][-]{subsubsection.6.13.3.12}{\376\377\0006\000.\0001\0003\000.\0003\000.\0001\0002\000\040\000\137\000w\000a\000i\000t\000D\000i\000r\000e\000c\000t\000i\000o\000n}{subsection.6.13.3}% 215
\BOOKMARK [3][-]{subsubsection.6.13.3.13}{\376\377\0006\000.\0001\0003\000.\0003\000.\0001\0003\000\040\000\137\000w\000a\000l\000l}{subsection.6.13.3}% 216
\BOOKMARK [1][-]{section.6.14}{\376\377\0006\000.\0001\0004\000\040\000a\000r\000c\000a\000d\000e\000:\000:\000P\000o\000s\000i\000t\000i\000o\000n\000\040\000S\000t\000r\000u\000c\000t\000\040\000R\000e\000f\000e\000r\000e\000n\000c\000e}{chapter.6}% 217
\BOOKMARK [2][-]{subsection.6.14.1}{\376\377\0006\000.\0001\0004\000.\0001\000\040\000D\000e\000t\000a\000i\000l\000e\000d\000\040\000D\000e\000s\000c\000r\000i\000p\000t\000i\000o\000n}{section.6.14}% 218
\BOOKMARK [2][-]{subsection.6.14.2}{\376\377\0006\000.\0001\0004\000.\0002\000\040\000M\000e\000m\000b\000e\000r\000\040\000D\000a\000t\000a\000\040\000D\000o\000c\000u\000m\000e\000n\000t\000a\000t\000i\000o\000n}{section.6.14}% 219
\BOOKMARK [3][-]{subsubsection.6.14.2.1}{\376\377\0006\000.\0001\0004\000.\0002\000.\0001\000\040\000x}{subsection.6.14.2}% 220
\BOOKMARK [3][-]{subsubsection.6.14.2.2}{\376\377\0006\000.\0001\0004\000.\0002\000.\0002\000\040\000y}{subsection.6.14.2}% 221
\BOOKMARK [1][-]{section.6.15}{\376\377\0006\000.\0001\0005\000\040\000a\000r\000c\000a\000d\000e\000:\000:\000S\000n\000a\000k\000e\000\040\000C\000l\000a\000s\000s\000\040\000R\000e\000f\000e\000r\000e\000n\000c\000e}{chapter.6}% 222
\BOOKMARK [2][-]{subsection.6.15.1}{\376\377\0006\000.\0001\0005\000.\0001\000\040\000C\000o\000n\000s\000t\000r\000u\000c\000t\000o\000r\000\040\000\046\000\040\000D\000e\000s\000t\000r\000u\000c\000t\000o\000r\000\040\000D\000o\000c\000u\000m\000e\000n\000t\000a\000t\000i\000o\000n}{section.6.15}% 223
\BOOKMARK [3][-]{subsubsection.6.15.1.1}{\376\377\0006\000.\0001\0005\000.\0001\000.\0001\000\040\000S\000n\000a\000k\000e\000\050\000\051}{subsection.6.15.1}% 224
\BOOKMARK [3][-]{subsubsection.6.15.1.2}{\376\377\0006\000.\0001\0005\000.\0001\000.\0002\000\040\000\040\000S\000n\000a\000k\000e\000\050\000\051}{subsection.6.15.1}% 225
\BOOKMARK [2][-]{subsection.6.15.2}{\376\377\0006\000.\0001\0005\000.\0002\000\040\000M\000e\000m\000b\000e\000r\000\040\000F\000u\000n\000c\000t\000i\000o\000n\000\040\000D\000o\000c\000u\000m\000e\000n\000t\000a\000t\000i\000o\000n}{section.6.15}% 226
\BOOKMARK [3][-]{subsubsection.6.15.2.1}{\376\377\0006\000.\0001\0005\000.\0002\000.\0001\000\040\000a\000p\000p\000l\000y\000E\000v\000e\000n\000t\000\050\000\051}{subsection.6.15.2}% 227
\BOOKMARK [3][-]{subsubsection.6.15.2.2}{\376\377\0006\000.\0001\0005\000.\0002\000.\0002\000\040\000c\000h\000a\000n\000g\000e\000D\000i\000r\000e\000c\000t\000i\000o\000n\000\050\000\051}{subsection.6.15.2}% 228
\BOOKMARK [3][-]{subsubsection.6.15.2.3}{\376\377\0006\000.\0001\0005\000.\0002\000.\0003\000\040\000d\000e\000a\000t\000h\000C\000o\000n\000d\000i\000t\000i\000o\000n\000\050\000\051}{subsection.6.15.2}% 229
\BOOKMARK [3][-]{subsubsection.6.15.2.4}{\376\377\0006\000.\0001\0005\000.\0002\000.\0004\000\040\000e\000n\000d\000\050\000\051}{subsection.6.15.2}% 230
\BOOKMARK [3][-]{subsubsection.6.15.2.5}{\376\377\0006\000.\0001\0005\000.\0002\000.\0005\000\040\000g\000a\000m\000e\000P\000a\000u\000s\000e\000\050\000\051}{subsection.6.15.2}% 231
\BOOKMARK [3][-]{subsubsection.6.15.2.6}{\376\377\0006\000.\0001\0005\000.\0002\000.\0006\000\040\000g\000e\000t\000N\000a\000m\000e\000\050\000\051}{subsection.6.15.2}% 232
\BOOKMARK [3][-]{subsubsection.6.15.2.7}{\376\377\0006\000.\0001\0005\000.\0002\000.\0007\000\040\000m\000o\000v\000e\000C\000o\000r\000p\000s\000\050\000\051}{subsection.6.15.2}% 233
\BOOKMARK [3][-]{subsubsection.6.15.2.8}{\376\377\0006\000.\0001\0005\000.\0002\000.\0008\000\040\000m\000o\000v\000e\000S\000n\000a\000k\000e\000\050\000\051}{subsection.6.15.2}% 234
\BOOKMARK [3][-]{subsubsection.6.15.2.9}{\376\377\0006\000.\0001\0005\000.\0002\000.\0009\000\040\000p\000r\000i\000n\000t\000F\000r\000u\000i\000t\000\050\000\051}{subsection.6.15.2}% 235
\BOOKMARK [3][-]{subsubsection.6.15.2.10}{\376\377\0006\000.\0001\0005\000.\0002\000.\0001\0000\000\040\000p\000r\000i\000n\000t\000H\000i\000g\000h\000S\000c\000o\000r\000e\000\050\000\051}{subsection.6.15.2}% 236
\BOOKMARK [3][-]{subsubsection.6.15.2.11}{\376\377\0006\000.\0001\0005\000.\0002\000.\0001\0001\000\040\000p\000r\000i\000n\000t\000M\000a\000p\000\050\000\051}{subsection.6.15.2}% 237
\BOOKMARK [3][-]{subsubsection.6.15.2.12}{\376\377\0006\000.\0001\0005\000.\0002\000.\0001\0002\000\040\000p\000r\000i\000n\000t\000S\000c\000o\000r\000e\000A\000n\000d\000N\000a\000m\000e\000\050\000\051}{subsection.6.15.2}% 238
\BOOKMARK [3][-]{subsubsection.6.15.2.13}{\376\377\0006\000.\0001\0005\000.\0002\000.\0001\0003\000\040\000p\000r\000i\000n\000t\000S\000n\000a\000k\000e\000\050\000\051}{subsection.6.15.2}% 239
\BOOKMARK [3][-]{subsubsection.6.15.2.14}{\376\377\0006\000.\0001\0005\000.\0002\000.\0001\0004\000\040\000s\000e\000t\000N\000e\000w\000F\000r\000u\000i\000t\000\050\000\051}{subsection.6.15.2}% 240
\BOOKMARK [3][-]{subsubsection.6.15.2.15}{\376\377\0006\000.\0001\0005\000.\0002\000.\0001\0005\000\040\000s\000n\000a\000k\000e\000E\000a\000t\000F\000r\000u\000i\000t\000\050\000\051}{subsection.6.15.2}% 241
\BOOKMARK [3][-]{subsubsection.6.15.2.16}{\376\377\0006\000.\0001\0005\000.\0002\000.\0001\0006\000\040\000s\000t\000a\000r\000t\000\050\000\051}{subsection.6.15.2}% 242
\BOOKMARK [3][-]{subsubsection.6.15.2.17}{\376\377\0006\000.\0001\0005\000.\0002\000.\0001\0007\000\040\000t\000i\000c\000k\000\050\000\051}{subsection.6.15.2}% 243
\BOOKMARK [2][-]{subsection.6.15.3}{\376\377\0006\000.\0001\0005\000.\0003\000\040\000M\000e\000m\000b\000e\000r\000\040\000D\000a\000t\000a\000\040\000D\000o\000c\000u\000m\000e\000n\000t\000a\000t\000i\000o\000n}{section.6.15}% 244
\BOOKMARK [3][-]{subsubsection.6.15.3.1}{\376\377\0006\000.\0001\0005\000.\0003\000.\0001\000\040\000\137\000c\000h\000a\000n\000g\000e\000D\000i\000r\000e\000c\000t\000i\000o\000n\000L\000i\000s\000t}{subsection.6.15.3}% 245
\BOOKMARK [3][-]{subsubsection.6.15.3.2}{\376\377\0006\000.\0001\0005\000.\0003\000.\0002\000\040\000\137\000d\000i\000r\000e\000c\000t\000i\000o\000n}{subsection.6.15.3}% 246
\BOOKMARK [3][-]{subsubsection.6.15.3.3}{\376\377\0006\000.\0001\0005\000.\0003\000.\0003\000\040\000\137\000d\000i\000s\000p\000l\000a\000y}{subsection.6.15.3}% 247
\BOOKMARK [3][-]{subsubsection.6.15.3.4}{\376\377\0006\000.\0001\0005\000.\0003\000.\0004\000\040\000\137\000e\000v\000e\000n\000t\000s}{subsection.6.15.3}% 248
\BOOKMARK [3][-]{subsubsection.6.15.3.5}{\376\377\0006\000.\0001\0005\000.\0003\000.\0005\000\040\000\137\000f\000r\000u\000i\000t}{subsection.6.15.3}% 249
\BOOKMARK [3][-]{subsubsection.6.15.3.6}{\376\377\0006\000.\0001\0005\000.\0003\000.\0006\000\040\000\137\000h\000i\000g\000h\000S\000c\000o\000r\000e}{subsection.6.15.3}% 250
\BOOKMARK [3][-]{subsubsection.6.15.3.7}{\376\377\0006\000.\0001\0005\000.\0003\000.\0007\000\040\000\137\000M\000a\000p}{subsection.6.15.3}% 251
\BOOKMARK [3][-]{subsubsection.6.15.3.8}{\376\377\0006\000.\0001\0005\000.\0003\000.\0008\000\040\000\137\000n\000a\000m\000e}{subsection.6.15.3}% 252
\BOOKMARK [3][-]{subsubsection.6.15.3.9}{\376\377\0006\000.\0001\0005\000.\0003\000.\0009\000\040\000\137\000s\000c\000o\000r\000e}{subsection.6.15.3}% 253
\BOOKMARK [3][-]{subsubsection.6.15.3.10}{\376\377\0006\000.\0001\0005\000.\0003\000.\0001\0000\000\040\000\137\000s\000n\000a\000k\000e\000C\000a\000r\000a}{subsection.6.15.3}% 254
\BOOKMARK [3][-]{subsubsection.6.15.3.11}{\376\377\0006\000.\0001\0005\000.\0003\000.\0001\0001\000\040\000\137\000s\000p\000e\000e\000d}{subsection.6.15.3}% 255
\BOOKMARK [3][-]{subsubsection.6.15.3.12}{\376\377\0006\000.\0001\0005\000.\0003\000.\0001\0002\000\040\000\137\000w\000a\000i\000t\000D\000i\000r\000e\000c\000t\000i\000o\000n}{subsection.6.15.3}% 256
\BOOKMARK [0][-]{chapter.7}{\376\377\0007\000\040\000F\000i\000l\000e\000\040\000D\000o\000c\000u\000m\000e\000n\000t\000a\000t\000i\000o\000n}{}% 257
\BOOKMARK [1][-]{section.7.1}{\376\377\0007\000.\0001\000\040\000s\000r\000c\000/\000c\000o\000r\000e\000/\000c\000h\000a\000r\000g\000e\000L\000i\000b\000.\000c\000p\000p\000\040\000F\000i\000l\000e\000\040\000R\000e\000f\000e\000r\000e\000n\000c\000e}{chapter.7}% 258
\BOOKMARK [1][-]{section.7.2}{\376\377\0007\000.\0002\000\040\000s\000r\000c\000/\000c\000o\000r\000e\000/\000c\000l\000o\000s\000e\000L\000i\000b\000.\000c\000p\000p\000\040\000F\000i\000l\000e\000\040\000R\000e\000f\000e\000r\000e\000n\000c\000e}{chapter.7}% 259
\BOOKMARK [1][-]{section.7.3}{\376\377\0007\000.\0003\000\040\000s\000r\000c\000/\000c\000o\000r\000e\000/\000c\000o\000r\000e\000.\000c\000p\000p\000\040\000F\000i\000l\000e\000\040\000R\000e\000f\000e\000r\000e\000n\000c\000e}{chapter.7}% 260
\BOOKMARK [2][-]{subsection.7.3.1}{\376\377\0007\000.\0003\000.\0001\000\040\000F\000u\000n\000c\000t\000i\000o\000n\000\040\000D\000o\000c\000u\000m\000e\000n\000t\000a\000t\000i\000o\000n}{section.7.3}% 261
\BOOKMARK [3][-]{subsubsection.7.3.1.1}{\376\377\0007\000.\0003\000.\0001\000.\0001\000\040\000h\000e\000l\000p\000\050\000\051}{subsection.7.3.1}% 262
\BOOKMARK [3][-]{subsubsection.7.3.1.2}{\376\377\0007\000.\0003\000.\0001\000.\0002\000\040\000m\000a\000i\000n\000\050\000\051}{subsection.7.3.1}% 263
\BOOKMARK [1][-]{section.7.4}{\376\377\0007\000.\0004\000\040\000s\000r\000c\000/\000c\000o\000r\000e\000/\000c\000o\000r\000e\000.\000h\000p\000p\000\040\000F\000i\000l\000e\000\040\000R\000e\000f\000e\000r\000e\000n\000c\000e}{chapter.7}% 264
\BOOKMARK [1][-]{section.7.5}{\376\377\0007\000.\0005\000\040\000s\000r\000c\000/\000c\000o\000r\000e\000/\000f\000i\000n\000d\000L\000i\000b\000.\000c\000p\000p\000\040\000F\000i\000l\000e\000\040\000R\000e\000f\000e\000r\000e\000n\000c\000e}{chapter.7}% 265
\BOOKMARK [1][-]{section.7.6}{\376\377\0007\000.\0006\000\040\000s\000r\000c\000/\000c\000o\000r\000e\000/\000i\000n\000i\000t\000L\000i\000b\000.\000c\000p\000p\000\040\000F\000i\000l\000e\000\040\000R\000e\000f\000e\000r\000e\000n\000c\000e}{chapter.7}% 266
\BOOKMARK [1][-]{section.7.7}{\376\377\0007\000.\0007\000\040\000s\000r\000c\000/\000c\000o\000r\000e\000/\000m\000e\000n\000u\000.\000c\000p\000p\000\040\000F\000i\000l\000e\000\040\000R\000e\000f\000e\000r\000e\000n\000c\000e}{chapter.7}% 267
\BOOKMARK [1][-]{section.7.8}{\376\377\0007\000.\0008\000\040\000s\000r\000c\000/\000e\000r\000r\000o\000r\000s\000/\000e\000r\000r\000o\000r\000s\000.\000h\000p\000p\000\040\000F\000i\000l\000e\000\040\000R\000e\000f\000e\000r\000e\000n\000c\000e}{chapter.7}% 268
\BOOKMARK [1][-]{section.7.9}{\376\377\0007\000.\0009\000\040\000s\000r\000c\000/\000i\000n\000t\000e\000r\000f\000a\000c\000e\000s\000/\000E\000v\000e\000n\000t\000.\000h\000p\000p\000\040\000F\000i\000l\000e\000\040\000R\000e\000f\000e\000r\000e\000n\000c\000e}{chapter.7}% 269
\BOOKMARK [1][-]{section.7.10}{\376\377\0007\000.\0001\0000\000\040\000s\000r\000c\000/\000i\000n\000t\000e\000r\000f\000a\000c\000e\000s\000/\000I\000C\000o\000r\000e\000.\000h\000p\000p\000\040\000F\000i\000l\000e\000\040\000R\000e\000f\000e\000r\000e\000n\000c\000e}{chapter.7}% 270
\BOOKMARK [1][-]{section.7.11}{\376\377\0007\000.\0001\0001\000\040\000s\000r\000c\000/\000i\000n\000t\000e\000r\000f\000a\000c\000e\000s\000/\000I\000D\000i\000s\000p\000l\000a\000y\000M\000o\000d\000u\000l\000e\000.\000h\000p\000p\000\040\000F\000i\000l\000e\000\040\000R\000e\000f\000e\000r\000e\000n\000c\000e}{chapter.7}% 271
\BOOKMARK [2][-]{subsection.7.11.1}{\376\377\0007\000.\0001\0001\000.\0001\000\040\000F\000u\000n\000c\000t\000i\000o\000n\000\040\000D\000o\000c\000u\000m\000e\000n\000t\000a\000t\000i\000o\000n}{section.7.11}% 272
\BOOKMARK [3][-]{subsubsection.7.11.1.1}{\376\377\0007\000.\0001\0001\000.\0001\000.\0001\000\040\000c\000r\000e\000a\000t\000e\000D\000i\000s\000p\000l\000a\000y\000M\000o\000d\000u\000l\000e\000\050\000\051}{subsection.7.11.1}% 273
\BOOKMARK [1][-]{section.7.12}{\376\377\0007\000.\0001\0002\000\040\000s\000r\000c\000/\000i\000n\000t\000e\000r\000f\000a\000c\000e\000s\000/\000I\000G\000a\000m\000e\000M\000o\000d\000u\000l\000e\000.\000h\000p\000p\000\040\000F\000i\000l\000e\000\040\000R\000e\000f\000e\000r\000e\000n\000c\000e}{chapter.7}% 274
\BOOKMARK [2][-]{subsection.7.12.1}{\376\377\0007\000.\0001\0002\000.\0001\000\040\000F\000u\000n\000c\000t\000i\000o\000n\000\040\000D\000o\000c\000u\000m\000e\000n\000t\000a\000t\000i\000o\000n}{section.7.12}% 275
\BOOKMARK [3][-]{subsubsection.7.12.1.1}{\376\377\0007\000.\0001\0002\000.\0001\000.\0001\000\040\000c\000r\000e\000a\000t\000e\000G\000a\000m\000e\000M\000o\000d\000u\000l\000e\000\050\000\051}{subsection.7.12.1}% 276
\BOOKMARK [1][-]{section.7.13}{\376\377\0007\000.\0001\0003\000\040\000s\000r\000c\000/\000L\000d\000i\000s\000p\000l\000a\000y\000/\000n\000c\000u\000r\000s\000e\000s\000/\000A\000D\000i\000s\000p\000l\000a\000y\000N\000c\000u\000r\000s\000e\000s\000.\000c\000p\000p\000\040\000F\000i\000l\000e\000\040\000R\000e\000f\000e\000r\000e\000n\000c\000e}{chapter.7}% 277
\BOOKMARK [2][-]{subsection.7.13.1}{\376\377\0007\000.\0001\0003\000.\0001\000\040\000F\000u\000n\000c\000t\000i\000o\000n\000\040\000D\000o\000c\000u\000m\000e\000n\000t\000a\000t\000i\000o\000n}{section.7.13}% 278
\BOOKMARK [3][-]{subsubsection.7.13.1.1}{\376\377\0007\000.\0001\0003\000.\0001\000.\0001\000\040\000c\000r\000e\000a\000t\000e\000D\000i\000s\000p\000l\000a\000y\000M\000o\000d\000u\000l\000e\000\050\000\051}{subsection.7.13.1}% 279
\BOOKMARK [1][-]{section.7.14}{\376\377\0007\000.\0001\0004\000\040\000s\000r\000c\000/\000L\000d\000i\000s\000p\000l\000a\000y\000/\000n\000c\000u\000r\000s\000e\000s\000/\000A\000D\000i\000s\000p\000l\000a\000y\000N\000c\000u\000r\000s\000e\000s\000.\000h\000p\000p\000\040\000F\000i\000l\000e\000\040\000R\000e\000f\000e\000r\000e\000n\000c\000e}{chapter.7}% 280
\BOOKMARK [1][-]{section.7.15}{\376\377\0007\000.\0001\0005\000\040\000s\000r\000c\000/\000L\000d\000i\000s\000p\000l\000a\000y\000/\000s\000d\000l\000/\000A\000D\000i\000s\000p\000l\000a\000y\000S\000d\000l\000.\000c\000p\000p\000\040\000F\000i\000l\000e\000\040\000R\000e\000f\000e\000r\000e\000n\000c\000e}{chapter.7}% 281
\BOOKMARK [2][-]{subsection.7.15.1}{\376\377\0007\000.\0001\0005\000.\0001\000\040\000F\000u\000n\000c\000t\000i\000o\000n\000\040\000D\000o\000c\000u\000m\000e\000n\000t\000a\000t\000i\000o\000n}{section.7.15}% 282
\BOOKMARK [3][-]{subsubsection.7.15.1.1}{\376\377\0007\000.\0001\0005\000.\0001\000.\0001\000\040\000c\000r\000e\000a\000t\000e\000D\000i\000s\000p\000l\000a\000y\000M\000o\000d\000u\000l\000e\000\050\000\051}{subsection.7.15.1}% 283
\BOOKMARK [1][-]{section.7.16}{\376\377\0007\000.\0001\0006\000\040\000s\000r\000c\000/\000L\000d\000i\000s\000p\000l\000a\000y\000/\000s\000d\000l\000/\000A\000D\000i\000s\000p\000l\000a\000y\000S\000d\000l\000.\000h\000p\000p\000\040\000F\000i\000l\000e\000\040\000R\000e\000f\000e\000r\000e\000n\000c\000e}{chapter.7}% 284
\BOOKMARK [1][-]{section.7.17}{\376\377\0007\000.\0001\0007\000\040\000s\000r\000c\000/\000L\000d\000i\000s\000p\000l\000a\000y\000/\000s\000f\000m\000l\000/\000A\000D\000i\000s\000p\000l\000a\000y\000S\000f\000m\000l\000.\000c\000p\000p\000\040\000F\000i\000l\000e\000\040\000R\000e\000f\000e\000r\000e\000n\000c\000e}{chapter.7}% 285
\BOOKMARK [2][-]{subsection.7.17.1}{\376\377\0007\000.\0001\0007\000.\0001\000\040\000F\000u\000n\000c\000t\000i\000o\000n\000\040\000D\000o\000c\000u\000m\000e\000n\000t\000a\000t\000i\000o\000n}{section.7.17}% 286
\BOOKMARK [3][-]{subsubsection.7.17.1.1}{\376\377\0007\000.\0001\0007\000.\0001\000.\0001\000\040\000c\000r\000e\000a\000t\000e\000D\000i\000s\000p\000l\000a\000y\000M\000o\000d\000u\000l\000e\000\050\000\051}{subsection.7.17.1}% 287
\BOOKMARK [1][-]{section.7.18}{\376\377\0007\000.\0001\0008\000\040\000s\000r\000c\000/\000L\000d\000i\000s\000p\000l\000a\000y\000/\000s\000f\000m\000l\000/\000A\000D\000i\000s\000p\000l\000a\000y\000S\000f\000m\000l\000.\000h\000p\000p\000\040\000F\000i\000l\000e\000\040\000R\000e\000f\000e\000r\000e\000n\000c\000e}{chapter.7}% 288
\BOOKMARK [1][-]{section.7.19}{\376\377\0007\000.\0001\0009\000\040\000s\000r\000c\000/\000L\000g\000a\000m\000e\000/\000n\000i\000b\000b\000l\000e\000r\000/\000n\000i\000b\000b\000l\000e\000r\000.\000c\000p\000p\000\040\000F\000i\000l\000e\000\040\000R\000e\000f\000e\000r\000e\000n\000c\000e}{chapter.7}% 289
\BOOKMARK [2][-]{subsection.7.19.1}{\376\377\0007\000.\0001\0009\000.\0001\000\040\000F\000u\000n\000c\000t\000i\000o\000n\000\040\000D\000o\000c\000u\000m\000e\000n\000t\000a\000t\000i\000o\000n}{section.7.19}% 290
\BOOKMARK [3][-]{subsubsection.7.19.1.1}{\376\377\0007\000.\0001\0009\000.\0001\000.\0001\000\040\000a\000d\000d\000V\000e\000c\000t\000o\000r\000\050\000\051}{subsection.7.19.1}% 291
\BOOKMARK [3][-]{subsubsection.7.19.1.2}{\376\377\0007\000.\0001\0009\000.\0001\000.\0002\000\040\000c\000r\000e\000a\000t\000e\000G\000a\000m\000e\000M\000o\000d\000u\000l\000e\000\050\000\051}{subsection.7.19.1}% 292
\BOOKMARK [1][-]{section.7.20}{\376\377\0007\000.\0002\0000\000\040\000s\000r\000c\000/\000L\000g\000a\000m\000e\000/\000n\000i\000b\000b\000l\000e\000r\000/\000n\000i\000b\000b\000l\000e\000r\000.\000h\000p\000p\000\040\000F\000i\000l\000e\000\040\000R\000e\000f\000e\000r\000e\000n\000c\000e}{chapter.7}% 293
\BOOKMARK [1][-]{section.7.21}{\376\377\0007\000.\0002\0001\000\040\000s\000r\000c\000/\000L\000g\000a\000m\000e\000/\000s\000n\000a\000k\000e\000/\000s\000n\000a\000k\000e\000.\000c\000p\000p\000\040\000F\000i\000l\000e\000\040\000R\000e\000f\000e\000r\000e\000n\000c\000e}{chapter.7}% 294
\BOOKMARK [2][-]{subsection.7.21.1}{\376\377\0007\000.\0002\0001\000.\0001\000\040\000F\000u\000n\000c\000t\000i\000o\000n\000\040\000D\000o\000c\000u\000m\000e\000n\000t\000a\000t\000i\000o\000n}{section.7.21}% 295
\BOOKMARK [3][-]{subsubsection.7.21.1.1}{\376\377\0007\000.\0002\0001\000.\0001\000.\0001\000\040\000c\000r\000e\000a\000t\000e\000G\000a\000m\000e\000M\000o\000d\000u\000l\000e\000\050\000\051}{subsection.7.21.1}% 296
\BOOKMARK [3][-]{subsubsection.7.21.1.2}{\376\377\0007\000.\0002\0001\000.\0001\000.\0002\000\040\000h\000e\000a\000d\000O\000n\000K\000i\000l\000l\000B\000l\000o\000c\000\050\000\051}{subsection.7.21.1}% 297
\BOOKMARK [3][-]{subsubsection.7.21.1.3}{\376\377\0007\000.\0002\0001\000.\0001\000.\0003\000\040\000i\000s\000F\000r\000u\000i\000t\000O\000n\000S\000n\000a\000k\000e\000\050\000\051}{subsection.7.21.1}% 298
\BOOKMARK [1][-]{section.7.22}{\376\377\0007\000.\0002\0002\000\040\000s\000r\000c\000/\000L\000g\000a\000m\000e\000/\000s\000n\000a\000k\000e\000/\000s\000n\000a\000k\000e\000.\000h\000p\000p\000\040\000F\000i\000l\000e\000\040\000R\000e\000f\000e\000r\000e\000n\000c\000e}{chapter.7}% 299
\BOOKMARK [0][-]{section*.84}{\376\377\000I\000n\000d\000e\000x}{}% 300
